Library/Bee/Android/Prj/Mono2x/Gradle/launcher/build/intermediates/manifest_merge_blame_file/release/manifest-merger-blame-release-report.txt
1<?xml version="1.0" encoding="utf-8"?>
2<manifest xmlns:android="http://schemas.android.com/apk/res/android"
3    package="com.DefaultCompany.MobileFinal"
4    android:installLocation="preferExternal"
5    android:versionCode="1"
6    android:versionName="1.0" >
7
8    <uses-sdk
9        android:minSdkVersion="33"
9-->src\main\AndroidManifest.xml
10        android:targetSdkVersion="33" />
10-->src\main\AndroidManifest.xml
11
12    <supports-screens
12-->src\main\AndroidManifest.xml:4:3-163
13        android:anyDensity="true"
13-->src\main\AndroidManifest.xml:4:135-160
14        android:largeScreens="true"
14-->src\main\AndroidManifest.xml:4:78-105
15        android:normalScreens="true"
15-->src\main\AndroidManifest.xml:4:49-77
16        android:smallScreens="true"
16-->src\main\AndroidManifest.xml:4:21-48
17        android:xlargeScreens="true" />
17-->src\main\AndroidManifest.xml:4:106-134
18
19    <uses-permission android:name="android.permission.INTERNET" />
19-->[:unityLibrary] AndroidManifest.xml:10:5-67
19-->[:unityLibrary] AndroidManifest.xml:10:22-64
20
21    <uses-feature android:glEsVersion="0x00020000" />
21-->[:unityLibrary] AndroidManifest.xml:12:5-54
21-->[:unityLibrary] AndroidManifest.xml:12:19-51
22    <uses-feature
22-->[:unityLibrary] AndroidManifest.xml:13:5-15:36
23        android:name="android.hardware.touchscreen"
23-->[:unityLibrary] AndroidManifest.xml:14:9-52
24        android:required="false" />
24-->[:unityLibrary] AndroidManifest.xml:15:9-33
25    <uses-feature
25-->[:unityLibrary] AndroidManifest.xml:16:5-18:36
26        android:name="android.hardware.touchscreen.multitouch"
26-->[:unityLibrary] AndroidManifest.xml:17:9-63
27        android:required="false" />
27-->[:unityLibrary] AndroidManifest.xml:18:9-33
28    <uses-feature
28-->[:unityLibrary] AndroidManifest.xml:19:5-21:36
29        android:name="android.hardware.touchscreen.multitouch.distinct"
29-->[:unityLibrary] AndroidManifest.xml:20:9-72
30        android:required="false" />
30-->[:unityLibrary] AndroidManifest.xml:21:9-33
31
32    <uses-permission android:name="android.permission.POST_NOTIFICATIONS" />
32-->[:unityLibrary:mobilenotifications.androidlib] AndroidManifest.xml:9:5-77
32-->[:unityLibrary:mobilenotifications.androidlib] AndroidManifest.xml:9:22-74
33    <uses-permission android:name="android.permission.RECEIVE_BOOT_COMPLETED" />
33-->[:unityLibrary:mobilenotifications.androidlib] AndroidManifest.xml:10:5-81
33-->[:unityLibrary:mobilenotifications.androidlib] AndroidManifest.xml:10:22-78
34    <uses-permission android:name="android.permission.SCHEDULE_EXACT_ALARM" />
34-->[:unityLibrary:mobilenotifications.androidlib] AndroidManifest.xml:11:5-79
34-->[:unityLibrary:mobilenotifications.androidlib] AndroidManifest.xml:11:22-76
35
36    <application
36-->src\main\AndroidManifest.xml:3:3-121
37        android:banner="@drawable/app_banner"
37-->src\main\AndroidManifest.xml:3:81-118
38        android:extractNativeLibs="true"
38-->[:unityLibrary] AndroidManifest.xml:24:9-41
39        android:icon="@mipmap/app_icon"
39-->src\main\AndroidManifest.xml:3:49-80
40        android:isGame="true"
40-->[:unityLibrary] AndroidManifest.xml:25:9-30
41        android:label="@string/app_name" >
41-->src\main\AndroidManifest.xml:3:16-48
42        <meta-data
42-->[:unityLibrary] AndroidManifest.xml:26:9-28:33
43            android:name="unity.splash-mode"
43-->[:unityLibrary] AndroidManifest.xml:27:13-45
44            android:value="0" />
44-->[:unityLibrary] AndroidManifest.xml:28:13-30
45        <meta-data
45-->[:unityLibrary] AndroidManifest.xml:29:9-31:36
46            android:name="unity.splash-enable"
46-->[:unityLibrary] AndroidManifest.xml:30:13-47
47            android:value="True" />
47-->[:unityLibrary] AndroidManifest.xml:31:13-33
48        <meta-data
48-->[:unityLibrary] AndroidManifest.xml:32:9-34:36
49            android:name="unity.launch-fullscreen"
49-->[:unityLibrary] AndroidManifest.xml:33:13-51
50            android:value="True" />
50-->[:unityLibrary] AndroidManifest.xml:34:13-33
51        <meta-data
51-->[:unityLibrary] AndroidManifest.xml:35:9-37:50
52            android:name="notch.config"
52-->[:unityLibrary] AndroidManifest.xml:36:13-40
53            android:value="portrait|landscape" />
53-->[:unityLibrary] AndroidManifest.xml:37:13-47
54        <meta-data
54-->[:unityLibrary] AndroidManifest.xml:38:9-40:36
55            android:name="unity.auto-report-fully-drawn"
55-->[:unityLibrary] AndroidManifest.xml:39:13-57
56            android:value="true" />
56-->[:unityLibrary] AndroidManifest.xml:40:13-33
57
58        <activity
58-->[:unityLibrary] AndroidManifest.xml:42:9-64:20
59            android:name="com.unity3d.player.UnityPlayerActivity"
59-->[:unityLibrary] AndroidManifest.xml:43:13-66
60            android:configChanges="mcc|mnc|locale|touchscreen|keyboard|keyboardHidden|navigation|orientation|screenLayout|uiMode|screenSize|smallestScreenSize|fontScale|layoutDirection|density"
60-->[:unityLibrary] AndroidManifest.xml:44:13-194
61            android:exported="true"
61-->[:unityLibrary] AndroidManifest.xml:45:13-36
62            android:hardwareAccelerated="false"
62-->[:unityLibrary] AndroidManifest.xml:46:13-48
63            android:launchMode="singleTask"
63-->[:unityLibrary] AndroidManifest.xml:47:13-44
64            android:resizeableActivity="false"
64-->[:unityLibrary] AndroidManifest.xml:48:13-47
65            android:screenOrientation="userLandscape"
65-->[:unityLibrary] AndroidManifest.xml:49:13-54
66            android:theme="@style/UnityThemeSelector" >
66-->[:unityLibrary] AndroidManifest.xml:50:13-54
67            <intent-filter>
67-->[:unityLibrary] AndroidManifest.xml:51:13-56:29
68                <category android:name="android.intent.category.LAUNCHER" />
68-->[:unityLibrary] AndroidManifest.xml:52:17-77
68-->[:unityLibrary] AndroidManifest.xml:52:27-74
69                <category android:name="android.intent.category.LEANBACK_LAUNCHER" />
69-->[:unityLibrary] AndroidManifest.xml:53:17-86
69-->[:unityLibrary] AndroidManifest.xml:53:27-83
70
71                <action android:name="android.intent.action.MAIN" />
71-->[:unityLibrary] AndroidManifest.xml:55:17-69
71-->[:unityLibrary] AndroidManifest.xml:55:25-66
72            </intent-filter>
73
74            <meta-data
74-->[:unityLibrary] AndroidManifest.xml:58:13-60:40
75                android:name="unityplayer.UnityActivity"
75-->[:unityLibrary] AndroidManifest.xml:59:17-57
76                android:value="true" />
76-->[:unityLibrary] AndroidManifest.xml:60:17-37
77            <meta-data
77-->[:unityLibrary] AndroidManifest.xml:61:13-63:40
78                android:name="notch_support"
78-->[:unityLibrary] AndroidManifest.xml:62:17-45
79                android:value="true" />
79-->[:unityLibrary] AndroidManifest.xml:63:17-37
80        </activity>
81
82        <receiver
82-->[:unityLibrary:mobilenotifications.androidlib] AndroidManifest.xml:14:9-16:40
83            android:name="com.unity.androidnotifications.UnityNotificationManager"
83-->[:unityLibrary:mobilenotifications.androidlib] AndroidManifest.xml:15:13-83
84            android:exported="false" />
84-->[:unityLibrary:mobilenotifications.androidlib] AndroidManifest.xml:16:13-37
85        <receiver
85-->[:unityLibrary:mobilenotifications.androidlib] AndroidManifest.xml:17:9-24:20
86            android:name="com.unity.androidnotifications.UnityNotificationRestartReceiver"
86-->[:unityLibrary:mobilenotifications.androidlib] AndroidManifest.xml:18:13-91
87            android:enabled="false"
87-->[:unityLibrary:mobilenotifications.androidlib] AndroidManifest.xml:19:13-36
88            android:exported="false" >
88-->[:unityLibrary:mobilenotifications.androidlib] AndroidManifest.xml:20:13-37
89            <intent-filter>
89-->[:unityLibrary:mobilenotifications.androidlib] AndroidManifest.xml:21:13-23:29
90                <action android:name="android.intent.action.BOOT_COMPLETED" />
90-->[:unityLibrary:mobilenotifications.androidlib] AndroidManifest.xml:22:17-79
90-->[:unityLibrary:mobilenotifications.androidlib] AndroidManifest.xml:22:25-76
91            </intent-filter>
92        </receiver>
93
94        <meta-data
94-->[:unityLibrary:mobilenotifications.androidlib] AndroidManifest.xml:26:9-28:36
95            android:name="reschedule_notifications_on_restart"
95-->[:unityLibrary:mobilenotifications.androidlib] AndroidManifest.xml:27:13-63
96            android:value="true" />
96-->[:unityLibrary:mobilenotifications.androidlib] AndroidManifest.xml:28:13-33
97        <meta-data
97-->[:unityLibrary:mobilenotifications.androidlib] AndroidManifest.xml:29:9-31:33
98            android:name="com.unity.androidnotifications.exact_scheduling"
98-->[:unityLibrary:mobilenotifications.androidlib] AndroidManifest.xml:30:13-75
99            android:value="0" />
99-->[:unityLibrary:mobilenotifications.androidlib] AndroidManifest.xml:31:13-30
100    </application>
101
102</manifest>